<?xml version="1.0" encoding="utf-8"?>
<UpgradeLog>
  <Settings>
    <Setting Name="LogFile" Value="SAC.log" />
    <Setting Name="GenerateInterfacesForClasses" Value="FALSE" />
    <Setting Name="ProjectName" Value="SAC" />
    <Setting Name="OutputName" Value="SAC.vbproj" />
    <Setting Name="OutputDir" Value="F:\DOCUMENTOS\PROY\SAC_.Net\Upgraded\" />
    <Setting Name="ProjectPath" Value="F:\DOCUMENTOS\PROY\SAC\SAC.vbp" />
    <Setting Name="MigrateProjectTo" Value="WinExe" />
  </Settings>
  <File OldPath="F:\DOCUMENTOS\PROY\SAC\Principal.frm" NewPath="F:\DOCUMENTOS\PROY\SAC_.Net\Upgraded\Principal.vb" FileType="Form" Upgraded="True">
    <Section Name="(Layout)">
      <Issue Type="Design" Number="2064" ObjectName="pbCursos" ObjectType="ProgressBar" PME="Scrolling" Qty="1">ProgressBar property pbCursos.Scrolling was not upgraded.</Issue>
      <Issue Type="Design" Number="2045" ObjectName="cmdGenerarGrupos" ObjectType="CommandButton" PME="Font" Qty="1">Only TrueType and OpenType fonts are supported in Windows Forms.</Issue>
      <Issue Type="Design" Number="2064" ObjectName="frmAgrupacionCursos" ObjectType="Form" PME="ClipControls" Qty="1">Form property frmAgrupacionCursos.ClipControls was not upgraded.</Issue>
      <Issue Type="Design" Number="2064" ObjectName="pbCursos" ObjectType="MSComctlLib.ProgressBar" PME="Appearance" Qty="1">MSComctlLib.ProgressBar property pbCursos.Appearance was not upgraded.</Issue>
      <Issue Type="Design" Number="2081" ObjectName="_HiddenModule" ObjectType="Variant" PME="array" Qty="1">Array has a new behavior.</Issue>
      <Issue Type="Design" Number="2064" ObjectName="pbTotal" ObjectType="MSComctlLib.ProgressBar" PME="Appearance" Qty="1">MSComctlLib.ProgressBar property pbTotal.Appearance was not upgraded.</Issue>
    </Section>
    <Section Name="cmdAgrupar_Click">
      <Issue Type="Runtime" Number="2065" ObjectName="DBEngine" ObjectType="DAO.Database" PME="OpenDatabase" Qty="1">DAO.Database method DBEngine.OpenDatabase has a new behavior.</Issue>
    </Section>
    <Section Name="cmdAgruparCursos_Click">
      <Issue Type="Runtime" Number="2065" ObjectName="DBEngine" ObjectType="DAO.Database" PME="OpenDatabase" Qty="1">DAO.Database method DBEngine.OpenDatabase has a new behavior.</Issue>
    </Section>
    <Section Name="cmdCopiarCursos_Click">
      <Issue Type="Runtime" Number="2065" ObjectName="DBEngine" ObjectType="DAO.Database" PME="OpenDatabase" Qty="2">DAO.Database method DBEngine.OpenDatabase has a new behavior.</Issue>
    </Section>
    <Section Name="cmdCorregirCursos_Click">
      <Issue Type="Runtime" Number="2065" ObjectName="DBEngine" ObjectType="DAO.Database" PME="OpenDatabase" Qty="1">DAO.Database method DBEngine.OpenDatabase has a new behavior.</Issue>
    </Section>
    <Section Name="cmdGenerarListasPalabras_Click">
      <Issue Type="Runtime" Number="2065" ObjectName="DBEngine" ObjectType="DAO.Database" PME="OpenDatabase" Qty="1">DAO.Database method DBEngine.OpenDatabase has a new behavior.</Issue>
    </Section>
    <Section Name="cmdPropagarGrupos_Click">
      <Issue Type="Runtime" Number="2065" ObjectName="DBEngine" ObjectType="DAO.Database" PME="OpenDatabase" Qty="2">DAO.Database method DBEngine.OpenDatabase has a new behavior.</Issue>
      <Issue Type="Runtime" Number="1049" ObjectName="Information" ObjectType="Boolean" PME="IsNull" Qty="1">Use of Null/IsNull() detected.</Issue>
    </Section>
    <Section Name="Form_Load">
      <Issue Type="Runtime" Number="2080" ObjectType="Form" PME="Load" Qty="1">Form_Load event was upgraded to Form_Load method and has a new behavior.</Issue>
    </Section>
    <Section Name="CompruebaSiAsigGrupoRCP">
      <Issue Type="Runtime" Number="1049" ObjectName="Information" ObjectType="Boolean" PME="IsNull" Qty="1">Use of Null/IsNull() detected.</Issue>
    </Section>
  </File>
</UpgradeLog>

